#
# There is insufficient memory for the Java Runtime Environment to continue.
# Native memory allocation (mmap) failed to map 65536 bytes. Error detail: Failed to commit metaspace.
# Possible reasons:
#   The system is out of physical RAM or swap space
#   This process is running with CompressedOops enabled, and the Java Heap may be blocking the growth of the native heap
# Possible solutions:
#   Reduce memory load on the system
#   Increase physical memory or swap space
#   Check if swap backing store is full
#   Decrease Java heap size (-Xmx/-Xms)
#   Decrease number of Java threads
#   Decrease Java thread stack sizes (-Xss)
#   Set larger code cache with -XX:ReservedCodeCacheSize=
#   JVM is running with Unscaled Compressed Oops mode in which the Java heap is
#     placed in the first 4GB address space. The Java Heap base address is the
#     maximum limit for the native heap growth. Please use -XX:HeapBaseMinAddress
#     to set the Java Heap base and to place the Java Heap above 4GB virtual address.
# This output file may be truncated or incomplete.
#
#  Out of Memory Error (virtualSpaceNode.cpp:113), pid=15124, tid=16336
#
# JRE version: OpenJDK Runtime Environment Temurin-21.0.7+6 (21.0.7+6) (build 21.0.7+6-LTS)
# Java VM: OpenJDK 64-Bit Server VM Temurin-21.0.7+6 (21.0.7+6-LTS, mixed mode, sharing, tiered, compressed oops, compressed class ptrs, g1 gc, windows-amd64)
# No core dump will be written. Minidumps are not enabled by default on client versions of Windows
#

---------------  S U M M A R Y ------------

Command Line: -Dfile.encoding=UTF-8 com.DroneCatalog.MainApp

Host: AMD Ryzen 3 4300U with Radeon Graphics         , 4 cores, 5G,  Windows 11 , 64 bit Build 26100 (10.0.26100.4202)
Time: Fri May 30 18:05:13 2025 W. Europe Summer Time elapsed time: 0.939142 seconds (0d 0h 0m 0s)

---------------  T H R E A D  ---------------

Current thread (0x00000214fa9977c0):  JavaThread "AWT-EventQueue-0"        [_thread_in_vm, id=16336, stack(0x000000dcdfd00000,0x000000dcdfe00000) (1024K)]

Stack: [0x000000dcdfd00000,0x000000dcdfe00000]
Native frames: (J=compiled Java code, j=interpreted, Vv=VM code, C=native code)
V  [jvm.dll+0x6ce119]
V  [jvm.dll+0x8a84a1]
V  [jvm.dll+0x8aa9ce]
V  [jvm.dll+0x8ab0b3]
V  [jvm.dll+0x27f8a6]
V  [jvm.dll+0x8a41ee]
V  [jvm.dll+0x670575]
V  [jvm.dll+0x6705da]
V  [jvm.dll+0x672dc2]
V  [jvm.dll+0x672c92]
V  [jvm.dll+0x670f4e]
V  [jvm.dll+0x27c7b6]
V  [jvm.dll+0x7242a5]
V  [jvm.dll+0x724def]
V  [jvm.dll+0x3c3d08]
V  [jvm.dll+0x3c2af7]
V  [jvm.dll+0x3c2a98]
V  [jvm.dll+0x3d497a]
C  0x00000214ee96a93f

The last pc belongs to new (printed below).
Java frames: (J=compiled Java code, j=interpreted, Vv=VM code)
j  javax.swing.plaf.metal.MetalUtils$GradientPainter.getGradient(FFLjava/awt/Color;FFLjava/awt/Color;)Ljava/awt/GradientPaint;+0 java.desktop@21.0.7
j  javax.swing.plaf.metal.MetalUtils$GradientPainter.drawVerticalGradient(Ljava/awt/Graphics2D;FFLjava/awt/Color;Ljava/awt/Color;Ljava/awt/Color;II)V+33 java.desktop@21.0.7
j  javax.swing.plaf.metal.MetalUtils$GradientPainter.paintToImage(Ljava/awt/Component;Ljava/awt/Image;Ljava/awt/Graphics;II[Ljava/lang/Object;)V+100 java.desktop@21.0.7
j  sun.swing.CachedPainter.getImage(Ljava/lang/Object;Ljava/awt/Component;IIII[Ljava/lang/Object;)Ljava/awt/Image;+441 java.desktop@21.0.7
j  sun.swing.CachedPainter$PainterMultiResolutionCachedImage.getResolutionVariant(DD)Ljava/awt/Image;+48 java.desktop@21.0.7
j  sun.java2d.SunGraphics2D.getResolutionVariant(Ljava/awt/image/MultiResolutionImage;IIIIIIIIIILjava/awt/geom/AffineTransform;)Ljava/awt/Image;+291 java.desktop@21.0.7
j  sun.java2d.SunGraphics2D.drawHiDPIImage(Ljava/awt/Image;IIIIIIIILjava/awt/Color;Ljava/awt/image/ImageObserver;Ljava/awt/geom/AffineTransform;)Ljava/lang/Boolean;+218 java.desktop@21.0.7
j  sun.java2d.SunGraphics2D.drawImage(Ljava/awt/Image;IIIIIIIILjava/awt/Color;Ljava/awt/image/ImageObserver;)Z+55 java.desktop@21.0.7
j  sun.java2d.SunGraphics2D.drawImage(Ljava/awt/Image;IIIIIIIILjava/awt/image/ImageObserver;)Z+19 java.desktop@21.0.7
j  javax.swing.plaf.metal.MetalUtils$GradientPainter.paintImage(Ljava/awt/Component;Ljava/awt/Graphics;IIIILjava/awt/Image;[Ljava/lang/Object;)V+74 java.desktop@21.0.7
j  sun.swing.CachedPainter.paint0(Ljava/awt/Component;Ljava/awt/Graphics;IIII[Ljava/lang/Object;)V+106 java.desktop@21.0.7
j  sun.swing.CachedPainter.paint(Ljava/awt/Component;Ljava/awt/Graphics;IIII[Ljava/lang/Object;)V+29 java.desktop@21.0.7
j  javax.swing.plaf.metal.MetalUtils$GradientPainter.paint(Ljava/awt/Component;Ljava/awt/Graphics2D;Ljava/util/List;IIIIZ)V+71 java.desktop@21.0.7
j  javax.swing.plaf.metal.MetalUtils.drawGradient(Ljava/awt/Component;Ljava/awt/Graphics;Ljava/lang/String;IIIIZ)Z+54 java.desktop@21.0.7
j  javax.swing.plaf.metal.MetalButtonUI.update(Ljava/awt/Graphics;Ljavax/swing/JComponent;)V+77 java.desktop@21.0.7
j  javax.swing.JComponent.paintComponent(Ljava/awt/Graphics;)V+26 java.desktop@21.0.7
j  javax.swing.JComponent.paint(Ljava/awt/Graphics;)V+286 java.desktop@21.0.7
j  javax.swing.JComponent.paintChildren(Ljava/awt/Graphics;)V+516 java.desktop@21.0.7
j  javax.swing.JComponent.paint(Ljava/awt/Graphics;)V+318 java.desktop@21.0.7
j  javax.swing.JComponent.paintChildren(Ljava/awt/Graphics;)V+516 java.desktop@21.0.7
j  javax.swing.JComponent.paint(Ljava/awt/Graphics;)V+318 java.desktop@21.0.7
j  javax.swing.JComponent.paintChildren(Ljava/awt/Graphics;)V+516 java.desktop@21.0.7
j  javax.swing.JComponent.paint(Ljava/awt/Graphics;)V+318 java.desktop@21.0.7
j  javax.swing.JComponent.paintChildren(Ljava/awt/Graphics;)V+516 java.desktop@21.0.7
j  javax.swing.JComponent.paint(Ljava/awt/Graphics;)V+318 java.desktop@21.0.7
j  javax.swing.JComponent.paintChildren(Ljava/awt/Graphics;)V+516 java.desktop@21.0.7
j  javax.swing.JComponent.paint(Ljava/awt/Graphics;)V+318 java.desktop@21.0.7
j  javax.swing.JComponent.paintChildren(Ljava/awt/Graphics;)V+516 java.desktop@21.0.7
j  javax.swing.JComponent.paint(Ljava/awt/Graphics;)V+318 java.desktop@21.0.7
j  javax.swing.JLayeredPane.paint(Ljava/awt/Graphics;)V+73 java.desktop@21.0.7
j  javax.swing.JComponent.paintChildren(Ljava/awt/Graphics;)V+516 java.desktop@21.0.7
j  javax.swing.JComponent.paintToOffscreen(Ljava/awt/Graphics;IIIIII)V+72 java.desktop@21.0.7
j  javax.swing.RepaintManager$PaintManager.paintDoubleBufferedImpl(Ljavax/swing/JComponent;Ljava/awt/Image;Ljava/awt/Graphics;IIII)V+163 java.desktop@21.0.7
j  javax.swing.RepaintManager$PaintManager.paintDoubleBuffered(Ljavax/swing/JComponent;Ljava/awt/Image;Ljava/awt/Graphics;IIII)V+46 java.desktop@21.0.7
j  javax.swing.RepaintManager$PaintManager.paint(Ljavax/swing/JComponent;Ljavax/swing/JComponent;Ljava/awt/Graphics;IIII)Z+128 java.desktop@21.0.7
j  javax.swing.RepaintManager.paint(Ljavax/swing/JComponent;Ljavax/swing/JComponent;Ljava/awt/Graphics;IIII)V+52 java.desktop@21.0.7
j  javax.swing.JComponent.paint(Ljava/awt/Graphics;)V+221 java.desktop@21.0.7
j  java.awt.GraphicsCallback$PaintCallback.run(Ljava/awt/Component;Ljava/awt/Graphics;)V+2 java.desktop@21.0.7
j  sun.awt.SunGraphicsCallback.runOneComponent(Ljava/awt/Component;Ljava/awt/Rectangle;Ljava/awt/Graphics;Ljava/awt/Shape;I)V+130 java.desktop@21.0.7
j  sun.awt.SunGraphicsCallback.runComponents([Ljava/awt/Component;Ljava/awt/Graphics;I)V+157 java.desktop@21.0.7
j  java.awt.Container.paint(Ljava/awt/Graphics;)V+58 java.desktop@21.0.7
j  java.awt.Window.paint(Ljava/awt/Graphics;)V+68 java.desktop@21.0.7
j  javax.swing.RepaintManager$4.run()Ljava/lang/Void;+142 java.desktop@21.0.7
j  javax.swing.RepaintManager$4.run()Ljava/lang/Object;+1 java.desktop@21.0.7
j  java.security.AccessController.executePrivileged(Ljava/security/PrivilegedAction;Ljava/security/AccessControlContext;Ljava/lang/Class;)Ljava/lang/Object;+29 java.base@21.0.7
j  java.security.AccessController.doPrivileged(Ljava/security/PrivilegedAction;Ljava/security/AccessControlContext;)Ljava/lang/Object;+13 java.base@21.0.7
j  java.security.ProtectionDomain$JavaSecurityAccessImpl.doIntersectionPrivilege(Ljava/security/PrivilegedAction;Ljava/security/AccessControlContext;Ljava/security/AccessControlContext;)Ljava/lang/Object;+18 java.base@21.0.7
j  javax.swing.RepaintManager.paintDirtyRegions(Ljava/util/Map;)V+154 java.desktop@21.0.7
j  javax.swing.RepaintManager.paintDirtyRegions()V+46 java.desktop@21.0.7
j  javax.swing.RepaintManager.prePaintDirtyRegions()V+73 java.desktop@21.0.7
j  javax.swing.RepaintManager$ProcessingRunnable.run()V+37 java.desktop@21.0.7
j  java.awt.event.InvocationEvent.dispatch()V+47 java.desktop@21.0.7
j  java.awt.EventQueue.dispatchEventImpl(Ljava/awt/AWTEvent;Ljava/lang/Object;)V+21 java.desktop@21.0.7
j  java.awt.EventQueue$4.run()Ljava/lang/Void;+32 java.desktop@21.0.7
j  java.awt.EventQueue$4.run()Ljava/lang/Object;+1 java.desktop@21.0.7
j  java.security.AccessController.executePrivileged(Ljava/security/PrivilegedAction;Ljava/security/AccessControlContext;Ljava/lang/Class;)Ljava/lang/Object;+29 java.base@21.0.7
j  java.security.AccessController.doPrivileged(Ljava/security/PrivilegedAction;Ljava/security/AccessControlContext;)Ljava/lang/Object;+13 java.base@21.0.7
j  java.security.ProtectionDomain$JavaSecurityAccessImpl.doIntersectionPrivilege(Ljava/security/PrivilegedAction;Ljava/security/AccessControlContext;Ljava/security/AccessControlContext;)Ljava/lang/Object;+18 java.base@21.0.7
j  java.awt.EventQueue.dispatchEvent(Ljava/awt/AWTEvent;)V+46 java.desktop@21.0.7
j  java.awt.EventDispatchThread.pumpOneEventForFilters(I)V+81 java.desktop@21.0.7
j  java.awt.EventDispatchThread.pumpEventsForFilter(ILjava/awt/Conditional;Ljava/awt/EventFilter;)V+35 java.desktop@21.0.7
j  java.awt.EventDispatchThread.pumpEventsForHierarchy(ILjava/awt/Conditional;Ljava/awt/Component;)V+11 java.desktop@21.0.7
j  java.awt.EventDispatchThread.pumpEvents(ILjava/awt/Conditional;)V+4 java.desktop@21.0.7
j  java.awt.EventDispatchThread.pumpEvents(Ljava/awt/Conditional;)V+3 java.desktop@21.0.7
j  java.awt.EventDispatchThread.run()V+9 java.desktop@21.0.7
v  ~StubRoutines::call_stub 0x00000214ee95100d
new  187 new  [0x00000214ee96a7c0, 0x00000214ee96a9c8]  520 bytes
[MachCode]
  0x00000214ee96a7c0: 4883 ec08 | c5fa 1104 | 24eb 1f48 | 83ec 10c5 | fb11 0424 | eb14 4883 | ec10 4889 | 0424 48c7 
  0x00000214ee96a7e0: 4424 0800 | 0000 00eb | 0150 410f | b755 010f | cac1 ea10 | 488b 4de8 | 488b 4908 | 488b 4908 
  0x00000214ee96a800: 488b 4108 | 807c 1004 | 070f 85d3 | 0000 0066 | 8b54 d148 | 488b 4928 | 488b 4cd1 | 0851 80b9 
  0x00000214ee96a820: 2101 0000 | 040f 85b6 | 0000 008b | 5108 f6c2 | 010f 85aa | 0000 0049 | 8b87 b801 | 0000 488d 
  0x00000214ee96a840: 1c10 493b | 9fc8 0100 | 000f 8792 | 0000 0049 | 899f b801 | 0000 4883 | ea10 0f84 | 0f00 0000 
  0x00000214ee96a860: 33c9 c1ea | 0348 894c | d008 48ff | ca75 f648 | c700 0100 | 0000 5933 | f689 700c | 49ba 0000 
  0x00000214ee96a880: 0080 1402 | 0000 492b | ca89 4808 | 49ba 3e5b | 50c0 fa7f | 0000 4180 | 3a00 0f84 | 3c00 0000 
  0x00000214ee96a8a0: 5048 8bc8 | 4883 ec20 | 40f6 c40f | 0f84 1900 | 0000 4883 | ec08 48b8 | 904b fabf | fa7f 0000 
  0x00000214ee96a8c0: ffd0 4883 | c408 e90c | 0000 0048 | b890 4bfa | bffa 7f00 | 00ff d048 | 83c4 2058 | e9cb 0000 
  0x00000214ee96a8e0: 0059 488b | 55e8 488b | 5208 488b | 5208 450f | b745 0141 | 0fc8 41c1 | e810 e805 | 0000 00e9 
  0x00000214ee96a900: a800 0000 | 488d 4424 | 084c 896d | c049 8bcf | c5f8 7749 | 89af a803 | 0000 4989 | 8798 0300 
  0x00000214ee96a920: 0048 83ec | 2040 f6c4 | 0f0f 8419 | 0000 0048 | 83ec 0848 | b8f0 48c4 | bffa 7f00 | 00ff d048 
  0x00000214ee96a940: 83c4 08e9 | 0c00 0000 | 48b8 f048 | c4bf fa7f | 0000 ffd0 | 4883 c420 | 49c7 8798 | 0300 0000 
  0x00000214ee96a960: 0000 0049 | c787 a803 | 0000 0000 | 0000 49c7 | 87a0 0300 | 0000 0000 | 00c5 f877 | 4983 7f08 
  0x00000214ee96a980: 000f 8405 | 0000 00e9 | 7465 feff | 498b 87f0 | 0300 0049 | c787 f003 | 0000 0000 | 0000 4c8b 
  0x00000214ee96a9a0: 6dc0 4c8b | 75c8 4e8d | 74f5 00c3 | 410f b65d | 0349 83c5 | 0349 bab0 | 2053 c0fa | 7f00 0041 
  0x00000214ee96a9c0: ff24 da0f | 1f44 0000 
[/MachCode]

---------------  P R O C E S S  ---------------

Threads class SMR info:
_java_thread_list=0x00000214ff6d2e00, length=17, elements={
0x00000214fa61a6b0, 0x00000214fa61ff40, 0x00000214fa623a50, 0x00000214fa624700,
0x00000214fa625fa0, 0x00000214fa627ba0, 0x00000214fa62dac0, 0x00000214fa64f3b0,
0x00000214fa792d70, 0x00000214fa7a05d0, 0x00000214fa97e830, 0x00000214fa988eb0,
0x00000214fa98b520, 0x00000214fa9977c0, 0x00000214dc8bc740, 0x00000214ff5133a0,
0x00000214ff6dd570
}

Java Threads: ( => current thread )
  0x00000214fa61a6b0 JavaThread "Reference Handler"          daemon [_thread_blocked, id=268, stack(0x000000dcdf000000,0x000000dcdf100000) (1024K)]
  0x00000214fa61ff40 JavaThread "Finalizer"                  daemon [_thread_blocked, id=2780, stack(0x000000dcdf100000,0x000000dcdf200000) (1024K)]
  0x00000214fa623a50 JavaThread "Signal Dispatcher"          daemon [_thread_blocked, id=18084, stack(0x000000dcdf200000,0x000000dcdf300000) (1024K)]
  0x00000214fa624700 JavaThread "Attach Listener"            daemon [_thread_blocked, id=18648, stack(0x000000dcdf300000,0x000000dcdf400000) (1024K)]
  0x00000214fa625fa0 JavaThread "Service Thread"             daemon [_thread_blocked, id=18876, stack(0x000000dcdf400000,0x000000dcdf500000) (1024K)]
  0x00000214fa627ba0 JavaThread "Monitor Deflation Thread"   daemon [_thread_blocked, id=14184, stack(0x000000dcdf500000,0x000000dcdf600000) (1024K)]
  0x00000214fa62dac0 JavaThread "C2 CompilerThread0"         daemon [_thread_blocked, id=5060, stack(0x000000dcdf600000,0x000000dcdf700000) (1024K)]
  0x00000214fa64f3b0 JavaThread "C1 CompilerThread0"         daemon [_thread_blocked, id=15944, stack(0x000000dcdf700000,0x000000dcdf800000) (1024K)]
  0x00000214fa792d70 JavaThread "Notification Thread"        daemon [_thread_blocked, id=16904, stack(0x000000dcdf800000,0x000000dcdf900000) (1024K)]
  0x00000214fa7a05d0 JavaThread "Common-Cleaner"             daemon [_thread_blocked, id=4152, stack(0x000000dcdf900000,0x000000dcdfa00000) (1024K)]
  0x00000214fa97e830 JavaThread "Java2D Disposer"            daemon [_thread_blocked, id=12852, stack(0x000000dcdfa00000,0x000000dcdfb00000) (1024K)]
  0x00000214fa988eb0 JavaThread "AWT-Shutdown"                      [_thread_blocked, id=17808, stack(0x000000dcdfb00000,0x000000dcdfc00000) (1024K)]
  0x00000214fa98b520 JavaThread "AWT-Windows"                daemon [_thread_in_native, id=3636, stack(0x000000dcdfc00000,0x000000dcdfd00000) (1024K)]
=>0x00000214fa9977c0 JavaThread "AWT-EventQueue-0"                  [_thread_in_vm, id=16336, stack(0x000000dcdfd00000,0x000000dcdfe00000) (1024K)]
  0x00000214dc8bc740 JavaThread "DestroyJavaVM"                     [_thread_blocked, id=15156, stack(0x000000dcde800000,0x000000dcde900000) (1024K)]
  0x00000214ff5133a0 JavaThread "TimerQueue"                 daemon [_thread_blocked, id=22404, stack(0x000000dce0b00000,0x000000dce0c00000) (1024K)]
  0x00000214ff6dd570 JavaThread "D3D Screen Updater"         daemon [_thread_blocked, id=19908, stack(0x000000dce0d00000,0x000000dce0e00000) (1024K)]
Total: 17

Other Threads:
  0x00000214fa5fd300 VMThread "VM Thread"                           [id=21480, stack(0x000000dcdef00000,0x000000dcdf000000) (1024K)]
  0x00000214fa5e6a90 WatcherThread "VM Periodic Task Thread"        [id=16956, stack(0x000000dcdee00000,0x000000dcdef00000) (1024K)]
  0x00000214ded76a70 WorkerThread "GC Thread#0"                     [id=464, stack(0x000000dcde900000,0x000000dcdea00000) (1024K)]
  0x00000214ded83560 ConcurrentGCThread "G1 Main Marker"            [id=4476, stack(0x000000dcdea00000,0x000000dcdeb00000) (1024K)]
  0x00000214ded85590 WorkerThread "G1 Conc#0"                       [id=15524, stack(0x000000dcdeb00000,0x000000dcdec00000) (1024K)]
  0x00000214dede8830 ConcurrentGCThread "G1 Refine#0"               [id=4568, stack(0x000000dcdec00000,0x000000dcded00000) (1024K)]
  0x00000214dede93a0 ConcurrentGCThread "G1 Service"                [id=7220, stack(0x000000dcded00000,0x000000dcdee00000) (1024K)]
Total: 7

Threads with active compile tasks:
Total: 0

VM state: not at safepoint (normal execution)

VM Mutex/Monitor currently owned by a thread:  ([mutex/lock_event])
[0x00007ffac051c308] Metaspace_lock - owner thread: 0x00000214fa9977c0

Heap address: 0x00000000a2000000, size: 1504 MB, Compressed Oops mode: 32-bit

CDS archive(s) mapped at: [0x0000021480000000-0x0000021480c80000-0x0000021480c80000), size 13107200, SharedBaseAddress: 0x0000021480000000, ArchiveRelocationMode: 1.
Compressed class space mapped at: 0x0000021481000000-0x00000214c1000000, reserved size: 1073741824
Narrow klass base: 0x0000021480000000, Narrow klass shift: 0, Narrow klass range: 0x100000000

GC Precious Log:
 CardTable entry size: 512
 Card Set container configuration: InlinePtr #cards 5 size 8 Array Of Cards #cards 12 size 40 Howl #buckets 4 coarsen threshold 1843 Howl Bitmap #cards 512 size 80 coarsen threshold 460 Card regions per heap region 1 cards per card region 2048
 CPUs: 4 total, 4 available
 Memory: 6013M
 Large Page Support: Disabled
 NUMA Support: Disabled
 Compressed Oops: Enabled (32-bit)
 Heap Region Size: 1M
 Heap Min Capacity: 8M
 Heap Initial Capacity: 94M
 Heap Max Capacity: 1504M
 Pre-touch: Disabled
 Parallel Workers: 4
 Concurrent Workers: 1
 Concurrent Refinement Workers: 4
 Periodic GC: Disabled

Heap:
 garbage-first heap   total 96256K, used 6144K [0x00000000a2000000, 0x0000000100000000)
  region size 1024K, 8 young (8192K), 0 survivors (0K)
 Metaspace       used 8723K, committed 8960K, reserved 1114112K
  class space    used 1000K, committed 1152K, reserved 1048576K

Heap Regions: E=young(eden), S=young(survivor), O=old, HS=humongous(starts), HC=humongous(continues), CS=collection set, F=free, TAMS=top-at-mark-start, PB=parsable bottom
|   0|0x00000000a2000000, 0x00000000a2000000, 0x00000000a2100000|  0%| F|  |TAMS 0x00000000a2000000| PB 0x00000000a2000000| Untracked 
|   1|0x00000000a2100000, 0x00000000a2100000, 0x00000000a2200000|  0%| F|  |TAMS 0x00000000a2100000| PB 0x00000000a2100000| Untracked 
|   2|0x00000000a2200000, 0x00000000a2200000, 0x00000000a2300000|  0%| F|  |TAMS 0x00000000a2200000| PB 0x00000000a2200000| Untracked 
|   3|0x00000000a2300000, 0x00000000a2300000, 0x00000000a2400000|  0%| F|  |TAMS 0x00000000a2300000| PB 0x00000000a2300000| Untracked 
|   4|0x00000000a2400000, 0x00000000a2400000, 0x00000000a2500000|  0%| F|  |TAMS 0x00000000a2400000| PB 0x00000000a2400000| Untracked 
|   5|0x00000000a2500000, 0x00000000a2500000, 0x00000000a2600000|  0%| F|  |TAMS 0x00000000a2500000| PB 0x00000000a2500000| Untracked 
|   6|0x00000000a2600000, 0x00000000a2600000, 0x00000000a2700000|  0%| F|  |TAMS 0x00000000a2600000| PB 0x00000000a2600000| Untracked 
|   7|0x00000000a2700000, 0x00000000a2700000, 0x00000000a2800000|  0%| F|  |TAMS 0x00000000a2700000| PB 0x00000000a2700000| Untracked 
|   8|0x00000000a2800000, 0x00000000a2800000, 0x00000000a2900000|  0%| F|  |TAMS 0x00000000a2800000| PB 0x00000000a2800000| Untracked 
|   9|0x00000000a2900000, 0x00000000a2900000, 0x00000000a2a00000|  0%| F|  |TAMS 0x00000000a2900000| PB 0x00000000a2900000| Untracked 
|  10|0x00000000a2a00000, 0x00000000a2a00000, 0x00000000a2b00000|  0%| F|  |TAMS 0x00000000a2a00000| PB 0x00000000a2a00000| Untracked 
|  11|0x00000000a2b00000, 0x00000000a2b00000, 0x00000000a2c00000|  0%| F|  |TAMS 0x00000000a2b00000| PB 0x00000000a2b00000| Untracked 
|  12|0x00000000a2c00000, 0x00000000a2c00000, 0x00000000a2d00000|  0%| F|  |TAMS 0x00000000a2c00000| PB 0x00000000a2c00000| Untracked 
|  13|0x00000000a2d00000, 0x00000000a2d00000, 0x00000000a2e00000|  0%| F|  |TAMS 0x00000000a2d00000| PB 0x00000000a2d00000| Untracked 
|  14|0x00000000a2e00000, 0x00000000a2e00000, 0x00000000a2f00000|  0%| F|  |TAMS 0x00000000a2e00000| PB 0x00000000a2e00000| Untracked 
|  15|0x00000000a2f00000, 0x00000000a2f00000, 0x00000000a3000000|  0%| F|  |TAMS 0x00000000a2f00000| PB 0x00000000a2f00000| Untracked 
|  16|0x00000000a3000000, 0x00000000a3000000, 0x00000000a3100000|  0%| F|  |TAMS 0x00000000a3000000| PB 0x00000000a3000000| Untracked 
|  17|0x00000000a3100000, 0x00000000a3100000, 0x00000000a3200000|  0%| F|  |TAMS 0x00000000a3100000| PB 0x00000000a3100000| Untracked 
|  18|0x00000000a3200000, 0x00000000a3200000, 0x00000000a3300000|  0%| F|  |TAMS 0x00000000a3200000| PB 0x00000000a3200000| Untracked 
|  19|0x00000000a3300000, 0x00000000a3300000, 0x00000000a3400000|  0%| F|  |TAMS 0x00000000a3300000| PB 0x00000000a3300000| Untracked 
|  20|0x00000000a3400000, 0x00000000a3400000, 0x00000000a3500000|  0%| F|  |TAMS 0x00000000a3400000| PB 0x00000000a3400000| Untracked 
|  21|0x00000000a3500000, 0x00000000a3500000, 0x00000000a3600000|  0%| F|  |TAMS 0x00000000a3500000| PB 0x00000000a3500000| Untracked 
|  22|0x00000000a3600000, 0x00000000a3600000, 0x00000000a3700000|  0%| F|  |TAMS 0x00000000a3600000| PB 0x00000000a3600000| Untracked 
|  23|0x00000000a3700000, 0x00000000a3700000, 0x00000000a3800000|  0%| F|  |TAMS 0x00000000a3700000| PB 0x00000000a3700000| Untracked 
|  24|0x00000000a3800000, 0x00000000a3800000, 0x00000000a3900000|  0%| F|  |TAMS 0x00000000a3800000| PB 0x00000000a3800000| Untracked 
|  25|0x00000000a3900000, 0x00000000a3900000, 0x00000000a3a00000|  0%| F|  |TAMS 0x00000000a3900000| PB 0x00000000a3900000| Untracked 
|  26|0x00000000a3a00000, 0x00000000a3a00000, 0x00000000a3b00000|  0%| F|  |TAMS 0x00000000a3a00000| PB 0x00000000a3a00000| Untracked 
|  27|0x00000000a3b00000, 0x00000000a3b00000, 0x00000000a3c00000|  0%| F|  |TAMS 0x00000000a3b00000| PB 0x00000000a3b00000| Untracked 
|  28|0x00000000a3c00000, 0x00000000a3c00000, 0x00000000a3d00000|  0%| F|  |TAMS 0x00000000a3c00000| PB 0x00000000a3c00000| Untracked 
|  29|0x00000000a3d00000, 0x00000000a3d00000, 0x00000000a3e00000|  0%| F|  |TAMS 0x00000000a3d00000| PB 0x00000000a3d00000| Untracked 
|  30|0x00000000a3e00000, 0x00000000a3e00000, 0x00000000a3f00000|  0%| F|  |TAMS 0x00000000a3e00000| PB 0x00000000a3e00000| Untracked 
|  31|0x00000000a3f00000, 0x00000000a3f00000, 0x00000000a4000000|  0%| F|  |TAMS 0x00000000a3f00000| PB 0x00000000a3f00000| Untracked 
|  32|0x00000000a4000000, 0x00000000a4000000, 0x00000000a4100000|  0%| F|  |TAMS 0x00000000a4000000| PB 0x00000000a4000000| Untracked 
|  33|0x00000000a4100000, 0x00000000a4100000, 0x00000000a4200000|  0%| F|  |TAMS 0x00000000a4100000| PB 0x00000000a4100000| Untracked 
|  34|0x00000000a4200000, 0x00000000a4200000, 0x00000000a4300000|  0%| F|  |TAMS 0x00000000a4200000| PB 0x00000000a4200000| Untracked 
|  35|0x00000000a4300000, 0x00000000a4300000, 0x00000000a4400000|  0%| F|  |TAMS 0x00000000a4300000| PB 0x00000000a4300000| Untracked 
|  36|0x00000000a4400000, 0x00000000a4400000, 0x00000000a4500000|  0%| F|  |TAMS 0x00000000a4400000| PB 0x00000000a4400000| Untracked 
|  37|0x00000000a4500000, 0x00000000a4500000, 0x00000000a4600000|  0%| F|  |TAMS 0x00000000a4500000| PB 0x00000000a4500000| Untracked 
|  38|0x00000000a4600000, 0x00000000a4600000, 0x00000000a4700000|  0%| F|  |TAMS 0x00000000a4600000| PB 0x00000000a4600000| Untracked 
|  39|0x00000000a4700000, 0x00000000a4700000, 0x00000000a4800000|  0%| F|  |TAMS 0x00000000a4700000| PB 0x00000000a4700000| Untracked 
|  40|0x00000000a4800000, 0x00000000a4800000, 0x00000000a4900000|  0%| F|  |TAMS 0x00000000a4800000| PB 0x00000000a4800000| Untracked 
|  41|0x00000000a4900000, 0x00000000a4900000, 0x00000000a4a00000|  0%| F|  |TAMS 0x00000000a4900000| PB 0x00000000a4900000| Untracked 
|  42|0x00000000a4a00000, 0x00000000a4a00000, 0x00000000a4b00000|  0%| F|  |TAMS 0x00000000a4a00000| PB 0x00000000a4a00000| Untracked 
|  43|0x00000000a4b00000, 0x00000000a4b00000, 0x00000000a4c00000|  0%| F|  |TAMS 0x00000000a4b00000| PB 0x00000000a4b00000| Untracked 
|  44|0x00000000a4c00000, 0x00000000a4c00000, 0x00000000a4d00000|  0%| F|  |TAMS 0x00000000a4c00000| PB 0x00000000a4c00000| Untracked 
|  45|0x00000000a4d00000, 0x00000000a4d00000, 0x00000000a4e00000|  0%| F|  |TAMS 0x00000000a4d00000| PB 0x00000000a4d00000| Untracked 
|  46|0x00000000a4e00000, 0x00000000a4e00000, 0x00000000a4f00000|  0%| F|  |TAMS 0x00000000a4e00000| PB 0x00000000a4e00000| Untracked 
|  47|0x00000000a4f00000, 0x00000000a4f00000, 0x00000000a5000000|  0%| F|  |TAMS 0x00000000a4f00000| PB 0x00000000a4f00000| Untracked 
|  48|0x00000000a5000000, 0x00000000a5000000, 0x00000000a5100000|  0%| F|  |TAMS 0x00000000a5000000| PB 0x00000000a5000000| Untracked 
|  49|0x00000000a5100000, 0x00000000a5100000, 0x00000000a5200000|  0%| F|  |TAMS 0x00000000a5100000| PB 0x00000000a5100000| Untracked 
|  50|0x00000000a5200000, 0x00000000a5200000, 0x00000000a5300000|  0%| F|  |TAMS 0x00000000a5200000| PB 0x00000000a5200000| Untracked 
|  51|0x00000000a5300000, 0x00000000a5300000, 0x00000000a5400000|  0%| F|  |TAMS 0x00000000a5300000| PB 0x00000000a5300000| Untracked 
|  52|0x00000000a5400000, 0x00000000a5400000, 0x00000000a5500000|  0%| F|  |TAMS 0x00000000a5400000| PB 0x00000000a5400000| Untracked 
|  53|0x00000000a5500000, 0x00000000a5500000, 0x00000000a5600000|  0%| F|  |TAMS 0x00000000a5500000| PB 0x00000000a5500000| Untracked 
|  54|0x00000000a5600000, 0x00000000a5600000, 0x00000000a5700000|  0%| F|  |TAMS 0x00000000a5600000| PB 0x00000000a5600000| Untracked 
|  55|0x00000000a5700000, 0x00000000a5700000, 0x00000000a5800000|  0%| F|  |TAMS 0x00000000a5700000| PB 0x00000000a5700000| Untracked 
|  56|0x00000000a5800000, 0x00000000a5800000, 0x00000000a5900000|  0%| F|  |TAMS 0x00000000a5800000| PB 0x00000000a5800000| Untracked 
|  57|0x00000000a5900000, 0x00000000a5900000, 0x00000000a5a00000|  0%| F|  |TAMS 0x00000000a5900000| PB 0x00000000a5900000| Untracked 
|  58|0x00000000a5a00000, 0x00000000a5a00000, 0x00000000a5b00000|  0%| F|  |TAMS 0x00000000a5a00000| PB 0x00000000a5a00000| Untracked 
|  59|0x00000000a5b00000, 0x00000000a5b00000, 0x00000000a5c00000|  0%| F|  |TAMS 0x00000000a5b00000| PB 0x00000000a5b00000| Untracked 
|  60|0x00000000a5c00000, 0x00000000a5c00000, 0x00000000a5d00000|  0%| F|  |TAMS 0x00000000a5c00000| PB 0x00000000a5c00000| Untracked 
|  61|0x00000000a5d00000, 0x00000000a5d00000, 0x00000000a5e00000|  0%| F|  |TAMS 0x00000000a5d00000| PB 0x00000000a5d00000| Untracked 
|  62|0x00000000a5e00000, 0x00000000a5e00000, 0x00000000a5f00000|  0%| F|  |TAMS 0x00000000a5e00000| PB 0x00000000a5e00000| Untracked 
|  63|0x00000000a5f00000, 0x00000000a5f00000, 0x00000000a6000000|  0%| F|  |TAMS 0x00000000a5f00000| PB 0x00000000a5f00000| Untracked 
|  64|0x00000000a6000000, 0x00000000a6000000, 0x00000000a6100000|  0%| F|  |TAMS 0x00000000a6000000| PB 0x00000000a6000000| Untracked 
|  65|0x00000000a6100000, 0x00000000a6100000, 0x00000000a6200000|  0%| F|  |TAMS 0x00000000a6100000| PB 0x00000000a6100000| Untracked 
|  66|0x00000000a6200000, 0x00000000a6200000, 0x00000000a6300000|  0%| F|  |TAMS 0x00000000a6200000| PB 0x00000000a6200000| Untracked 
|  67|0x00000000a6300000, 0x00000000a6300000, 0x00000000a6400000|  0%| F|  |TAMS 0x00000000a6300000| PB 0x00000000a6300000| Untracked 
|  68|0x00000000a6400000, 0x00000000a6400000, 0x00000000a6500000|  0%| F|  |TAMS 0x00000000a6400000| PB 0x00000000a6400000| Untracked 
|  69|0x00000000a6500000, 0x00000000a6500000, 0x00000000a6600000|  0%| F|  |TAMS 0x00000000a6500000| PB 0x00000000a6500000| Untracked 
|  70|0x00000000a6600000, 0x00000000a6600000, 0x00000000a6700000|  0%| F|  |TAMS 0x00000000a6600000| PB 0x00000000a6600000| Untracked 
|  71|0x00000000a6700000, 0x00000000a6700000, 0x00000000a6800000|  0%| F|  |TAMS 0x00000000a6700000| PB 0x00000000a6700000| Untracked 
|  72|0x00000000a6800000, 0x00000000a6800000, 0x00000000a6900000|  0%| F|  |TAMS 0x00000000a6800000| PB 0x00000000a6800000| Untracked 
|  73|0x00000000a6900000, 0x00000000a6900000, 0x00000000a6a00000|  0%| F|  |TAMS 0x00000000a6900000| PB 0x00000000a6900000| Untracked 
|  74|0x00000000a6a00000, 0x00000000a6a00000, 0x00000000a6b00000|  0%| F|  |TAMS 0x00000000a6a00000| PB 0x00000000a6a00000| Untracked 
|  75|0x00000000a6b00000, 0x00000000a6b00000, 0x00000000a6c00000|  0%| F|  |TAMS 0x00000000a6b00000| PB 0x00000000a6b00000| Untracked 
|  76|0x00000000a6c00000, 0x00000000a6c00000, 0x00000000a6d00000|  0%| F|  |TAMS 0x00000000a6c00000| PB 0x00000000a6c00000| Untracked 
|  77|0x00000000a6d00000, 0x00000000a6d00000, 0x00000000a6e00000|  0%| F|  |TAMS 0x00000000a6d00000| PB 0x00000000a6d00000| Untracked 
|  78|0x00000000a6e00000, 0x00000000a6e00000, 0x00000000a6f00000|  0%| F|  |TAMS 0x00000000a6e00000| PB 0x00000000a6e00000| Untracked 
|  79|0x00000000a6f00000, 0x00000000a6f00000, 0x00000000a7000000|  0%| F|  |TAMS 0x00000000a6f00000| PB 0x00000000a6f00000| Untracked 
|  80|0x00000000a7000000, 0x00000000a7000000, 0x00000000a7100000|  0%| F|  |TAMS 0x00000000a7000000| PB 0x00000000a7000000| Untracked 
|  81|0x00000000a7100000, 0x00000000a7100000, 0x00000000a7200000|  0%| F|  |TAMS 0x00000000a7100000| PB 0x00000000a7100000| Untracked 
|  82|0x00000000a7200000, 0x00000000a7200000, 0x00000000a7300000|  0%| F|  |TAMS 0x00000000a7200000| PB 0x00000000a7200000| Untracked 
|  83|0x00000000a7300000, 0x00000000a7300000, 0x00000000a7400000|  0%| F|  |TAMS 0x00000000a7300000| PB 0x00000000a7300000| Untracked 
|  84|0x00000000a7400000, 0x00000000a7400000, 0x00000000a7500000|  0%| F|  |TAMS 0x00000000a7400000| PB 0x00000000a7400000| Untracked 
|  85|0x00000000a7500000, 0x00000000a7500000, 0x00000000a7600000|  0%| F|  |TAMS 0x00000000a7500000| PB 0x00000000a7500000| Untracked 
|  86|0x00000000a7600000, 0x00000000a7642960, 0x00000000a7700000| 26%| E|  |TAMS 0x00000000a7600000| PB 0x00000000a7600000| Complete 
|  87|0x00000000a7700000, 0x00000000a7800000, 0x00000000a7800000|100%| E|CS|TAMS 0x00000000a7700000| PB 0x00000000a7700000| Complete 
|  88|0x00000000a7800000, 0x00000000a7900000, 0x00000000a7900000|100%| E|CS|TAMS 0x00000000a7800000| PB 0x00000000a7800000| Complete 
|  89|0x00000000a7900000, 0x00000000a7a00000, 0x00000000a7a00000|100%| E|CS|TAMS 0x00000000a7900000| PB 0x00000000a7900000| Complete 
|  90|0x00000000a7a00000, 0x00000000a7b00000, 0x00000000a7b00000|100%| E|CS|TAMS 0x00000000a7a00000| PB 0x00000000a7a00000| Complete 
|  91|0x00000000a7b00000, 0x00000000a7c00000, 0x00000000a7c00000|100%| E|  |TAMS 0x00000000a7b00000| PB 0x00000000a7b00000| Complete 
|  92|0x00000000a7c00000, 0x00000000a7d00000, 0x00000000a7d00000|100%| E|CS|TAMS 0x00000000a7c00000| PB 0x00000000a7c00000| Complete 
|  93|0x00000000a7d00000, 0x00000000a7e00000, 0x00000000a7e00000|100%| E|CS|TAMS 0x00000000a7d00000| PB 0x00000000a7d00000| Complete 

Card table byte_map: [0x00000214f6710000,0x00000214f6a00000] _byte_map_base: 0x00000214f6200000

Marking Bits: (CMBitMap*) 0x00000214ded77080
 Bits: [0x00000214f6a00000, 0x00000214f8180000)

Polling page: 0x00000214dcb60000

Metaspace:

Usage:
  Non-class:      7.54 MB used.
      Class:   1000.84 KB used.
       Both:      8.52 MB used.

Virtual space:
  Non-class space:       64.00 MB reserved,       7.62 MB ( 12%) committed,  1 nodes.
      Class space:        1.00 GB reserved,       1.12 MB ( <1%) committed,  1 nodes.
             Both:        1.06 GB reserved,       8.75 MB ( <1%) committed. 

Chunk freelists:
   Non-Class:  8.22 MB
       Class:  14.74 MB
        Both:  22.97 MB

MaxMetaspaceSize: unlimited
CompressedClassSpaceSize: 1.00 GB
Initial GC threshold: 21.00 MB
Current GC threshold: 21.00 MB
CDS: on
 - commit_granule_bytes: 65536.
 - commit_granule_words: 8192.
 - virtual_space_node_default_size: 8388608.
 - enlarge_chunks_in_place: 1.
 - use_allocation_guard: 0.


Internal statistics:

num_allocs_failed_limit: 0.
num_arena_births: 142.
num_arena_deaths: 0.
num_vsnodes_births: 2.
num_vsnodes_deaths: 0.
num_space_committed: 140.
num_space_uncommitted: 0.
num_chunks_returned_to_freelist: 0.
num_chunks_taken_from_freelist: 181.
num_chunk_merges: 0.
num_chunk_splits: 107.
num_chunks_enlarged: 45.
num_inconsistent_stats: 0.

CodeHeap 'non-profiled nmethods': size=120000Kb used=221Kb max_used=221Kb free=119778Kb
 bounds [0x00000214eeef0000, 0x00000214ef160000, 0x00000214f6420000]
CodeHeap 'profiled nmethods': size=120000Kb used=1139Kb max_used=1139Kb free=118860Kb
 bounds [0x00000214e7420000, 0x00000214e7690000, 0x00000214ee950000]
CodeHeap 'non-nmethods': size=5760Kb used=1563Kb max_used=1563Kb free=4197Kb
 bounds [0x00000214ee950000, 0x00000214eebc0000, 0x00000214eeef0000]
 total_blobs=1418 nmethods=791 adapters=532
 compilation: enabled
              stopped_count=0, restarted_count=0
 full_count=0

Compilation events (20 events):
Event: 0.798 Thread 0x00000214fa64f3b0  782       3       java.nio.ByteBuffer::flip (7 bytes)
Event: 0.798 Thread 0x00000214fa64f3b0 nmethod 782 0x00000214e7537810 code [0x00000214e75379c0, 0x00000214e7537b40]
Event: 0.799 Thread 0x00000214fa64f3b0  783       1       java.util.EventObject::getSource (5 bytes)
Event: 0.799 Thread 0x00000214fa64f3b0 nmethod 783 0x00000214eef26d10 code [0x00000214eef26ea0, 0x00000214eef26f68]
Event: 0.805 Thread 0x00000214fa64f3b0  784       1       sun.java2d.SurfaceData::isValid (5 bytes)
Event: 0.805 Thread 0x00000214fa64f3b0 nmethod 784 0x00000214eef27010 code [0x00000214eef271a0, 0x00000214eef27270]
Event: 0.805 Thread 0x00000214fa64f3b0  785   !   3       javax.swing.JComponent::getClientProperty (56 bytes)
Event: 0.805 Thread 0x00000214fa64f3b0 nmethod 785 0x00000214e7537c10 code [0x00000214e7537de0, 0x00000214e7538170]
Event: 0.806 Thread 0x00000214fa64f3b0  786   !   3       sun.nio.ch.FileChannelImpl::position (280 bytes)
Event: 0.807 Thread 0x00000214fa64f3b0 nmethod 786 0x00000214e7538310 code [0x00000214e7538640, 0x00000214e7539670]
Event: 0.807 Thread 0x00000214fa64f3b0  787       3       sun.nio.ch.FileDispatcherImpl::seek (6 bytes)
Event: 0.807 Thread 0x00000214fa64f3b0 nmethod 787 0x00000214e753a010 code [0x00000214e753a1c0, 0x00000214e753a300]
Event: 0.807 Thread 0x00000214fa64f3b0  788   !   3       sun.nio.ch.FileChannelImpl::read (288 bytes)
Event: 0.808 Thread 0x00000214fa64f3b0 nmethod 788 0x00000214e753a390 code [0x00000214e753a6e0, 0x00000214e753b7b8]
Event: 0.808 Thread 0x00000214fa64f3b0  789       3       java.awt.Component::getFont (5 bytes)
Event: 0.808 Thread 0x00000214fa64f3b0 nmethod 789 0x00000214e753c110 code [0x00000214e753c2e0, 0x00000214e753c5f0]
Event: 0.809 Thread 0x00000214fa64f3b0  790       3       java.lang.ref.WeakReference::<init> (6 bytes)
Event: 0.809 Thread 0x00000214fa64f3b0 nmethod 790 0x00000214e753c710 code [0x00000214e753c8e0, 0x00000214e753cbe8]
Event: 0.809 Thread 0x00000214fa64f3b0  791       1       sun.java2d.SurfaceData::isSurfaceLost (5 bytes)
Event: 0.809 Thread 0x00000214fa64f3b0 nmethod 791 0x00000214eef27310 code [0x00000214eef274a0, 0x00000214eef27570]

GC Heap History (0 events):
No events

Dll operation events (9 events):
Event: 0.010 Loaded shared library C:\Program Files\Eclipse Adoptium\jdk-21.0.7.6-hotspot\bin\java.dll
Event: 0.042 Loaded shared library C:\Program Files\Eclipse Adoptium\jdk-21.0.7.6-hotspot\bin\jsvml.dll
Event: 0.092 Loaded shared library C:\Program Files\Eclipse Adoptium\jdk-21.0.7.6-hotspot\bin\jimage.dll
Event: 0.097 Loaded shared library C:\Program Files\Eclipse Adoptium\jdk-21.0.7.6-hotspot\bin\awt.dll
Event: 0.136 Loaded shared library C:\Program Files\Eclipse Adoptium\jdk-21.0.7.6-hotspot\bin\net.dll
Event: 0.137 Loaded shared library C:\Program Files\Eclipse Adoptium\jdk-21.0.7.6-hotspot\bin\nio.dll
Event: 0.144 Loaded shared library C:\Program Files\Eclipse Adoptium\jdk-21.0.7.6-hotspot\bin\zip.dll
Event: 0.463 Loaded shared library C:\Program Files\Eclipse Adoptium\jdk-21.0.7.6-hotspot\bin\freetype.dll
Event: 0.464 Loaded shared library C:\Program Files\Eclipse Adoptium\jdk-21.0.7.6-hotspot\bin\fontmanager.dll

Deoptimization events (6 events):
Event: 0.145 Thread 0x00000214dc8bc740 DEOPT PACKING pc=0x00000214e7472b49 sp=0x000000dcde8fd040
Event: 0.145 Thread 0x00000214dc8bc740 DEOPT UNPACKING pc=0x00000214ee9a4e42 sp=0x000000dcde8fc4c8 mode 0
Event: 0.146 Thread 0x00000214dc8bc740 DEOPT PACKING pc=0x00000214e7472b49 sp=0x000000dcde8fd040
Event: 0.146 Thread 0x00000214dc8bc740 DEOPT UNPACKING pc=0x00000214ee9a4e42 sp=0x000000dcde8fc4c8 mode 0
Event: 0.559 Thread 0x00000214fa9977c0 DEOPT PACKING pc=0x00000214e744334c sp=0x000000dcdfdfc250
Event: 0.559 Thread 0x00000214fa9977c0 DEOPT UNPACKING pc=0x00000214ee9a4e42 sp=0x000000dcdfdfb670 mode 0

Classes loaded (20 events):
Event: 0.802 Loading class sun/font/FontSubstitution
Event: 0.802 Loading class sun/font/FontSubstitution done
Event: 0.802 Loading class sun/font/StandardGlyphVector$GlyphStrike
Event: 0.802 Loading class sun/font/StandardGlyphVector$GlyphStrike done
Event: 0.810 Loading class javax/swing/plaf/metal/MetalUtils$GradientPainter
Event: 0.810 Loading class sun/swing/CachedPainter
Event: 0.810 Loading class sun/swing/CachedPainter done
Event: 0.810 Loading class javax/swing/plaf/metal/MetalUtils$GradientPainter done
Event: 0.811 Loading class sun/swing/CachedPainter$PainterMultiResolutionCachedImage
Event: 0.811 Loading class java/awt/image/AbstractMultiResolutionImage
Event: 0.811 Loading class java/awt/image/MultiResolutionImage
Event: 0.811 Loading class java/awt/image/MultiResolutionImage done
Event: 0.811 Loading class java/awt/image/AbstractMultiResolutionImage done
Event: 0.811 Loading class sun/swing/CachedPainter$PainterMultiResolutionCachedImage done
Event: 0.811 Loading class sun/swing/ImageCache
Event: 0.811 Loading class sun/swing/ImageCache done
Event: 0.811 Loading class sun/swing/ImageCache$Entry
Event: 0.811 Loading class sun/swing/ImageCache$Entry done
Event: 0.937 Loading class java/awt/GradientPaint
Event: 0.937 Loading class java/awt/GradientPaint done

Classes unloaded (0 events):
No events

Classes redefined (0 events):
No events

Internal exceptions (11 events):
Event: 0.081 Thread 0x00000214dc8bc740 Exception <a 'java/lang/ClassNotFoundException'{0x00000000a7c74450}: sun/awt/resources/spi/awtProvider> (0x00000000a7c74450) 
thrown [s\src\hotspot\share\classfile\systemDictionary.cpp, line 312]
Event: 0.112 Thread 0x00000214dc8bc740 Exception <a 'java/io/FileNotFoundException'{0x00000000a7b15170}> (0x00000000a7b15170) 
thrown [s\src\hotspot\share\prims\jni.cpp, line 520]
Event: 0.122 Thread 0x00000214dc8bc740 Exception <a 'java/io/FileNotFoundException'{0x00000000a7b3fae8}> (0x00000000a7b3fae8) 
thrown [s\src\hotspot\share\prims\jni.cpp, line 520]
Event: 0.359 Thread 0x00000214fa9977c0 Exception <a 'java/lang/NoSuchMethodError'{0x00000000a792fcd8}: 'void java.lang.invoke.DirectMethodHandle$Holder.invokeSpecial(java.lang.Object, java.lang.Object, java.lang.Object)'> (0x00000000a792fcd8) 
thrown [s\src\hotspot\share\interpreter\linkResolver.cpp, line 773]
Event: 0.368 Thread 0x00000214fa9977c0 Exception <a 'java/lang/NoSuchMethodError'{0x00000000a7998ed0}: 'java.lang.Object java.lang.invoke.DirectMethodHandle$Holder.newInvokeSpecial(java.lang.Object, java.lang.Object, java.lang.Object, java.lang.Object, java.lang.Object)'> (0x00000000a7998ed0) 
thrown [s\src\hotspot\share\interpreter\linkResolver.cpp, line 773]
Event: 0.376 Thread 0x00000214fa9977c0 Exception <a 'java/lang/NoSuchMethodError'{0x00000000a79c5928}: 'java.lang.Object java.lang.invoke.DirectMethodHandle$Holder.invokeStatic(java.lang.Object, int, java.lang.Object)'> (0x00000000a79c5928) 
thrown [s\src\hotspot\share\interpreter\linkResolver.cpp, line 773]
Event: 0.401 Thread 0x00000214fa9977c0 Exception <a 'java/lang/ClassNotFoundException'{0x00000000a78685c0}: com/sun/swing/internal/plaf/metal/resources/spi/metalProvider> (0x00000000a78685c0) 
thrown [s\src\hotspot\share\classfile\systemDictionary.cpp, line 312]
Event: 0.402 Thread 0x00000214fa9977c0 Exception <a 'java/lang/ClassNotFoundException'{0x00000000a786c590}: com/sun/swing/internal/plaf/basic/resources/spi/basicProvider> (0x00000000a786c590) 
thrown [s\src\hotspot\share\classfile\systemDictionary.cpp, line 312]
Event: 0.415 Thread 0x00000214fa9977c0 Exception <a 'java/lang/NoSuchMethodError'{0x00000000a788c800}: 'int java.lang.invoke.Invokers$Holder.invokeExact_MT(java.lang.Object, java.lang.Object)'> (0x00000000a788c800) 
thrown [s\src\hotspot\share\interpreter\linkResolver.cpp, line 773]
Event: 0.559 Thread 0x00000214fa9977c0 Exception <a 'java/lang/NoSuchMethodError'{0x00000000a77a56d8}: 'void java.lang.invoke.DirectMethodHandle$Holder.invokeStaticInit(java.lang.Object)'> (0x00000000a77a56d8) 
thrown [s\src\hotspot\share\interpreter\linkResolver.cpp, line 773]
Event: 0.771 Thread 0x00000214fa98b520 Exception <a 'java/lang/NoSuchMethodError'{0x00000000a7aeaa50}: 'void java.lang.invoke.DirectMethodHandle$Holder.invokeVirtual(java.lang.Object, java.lang.Object)'> (0x00000000a7aeaa50) 
thrown [s\src\hotspot\share\interpreter\linkResolver.cpp, line 773]

ZGC Phase Switch (0 events):
No events

VM Operations (4 events):
Event: 0.145 Executing VM operation: HandshakeAllThreads (Deoptimize)
Event: 0.145 Executing VM operation: HandshakeAllThreads (Deoptimize) done
Event: 0.423 Executing VM operation: HandshakeAllThreads (Deoptimize)
Event: 0.423 Executing VM operation: HandshakeAllThreads (Deoptimize) done

Memory protections (0 events):
No events

Nmethod flushes (0 events):
No events

Events (19 events):
Event: 0.026 Thread 0x00000214dc8bc740 Thread added: 0x00000214dc8bc740
Event: 0.039 Thread 0x00000214dc8bc740 Thread added: 0x00000214fa61a6b0
Event: 0.040 Thread 0x00000214dc8bc740 Thread added: 0x00000214fa61ff40
Event: 0.040 Thread 0x00000214dc8bc740 Thread added: 0x00000214fa623a50
Event: 0.040 Thread 0x00000214dc8bc740 Thread added: 0x00000214fa624700
Event: 0.040 Thread 0x00000214dc8bc740 Thread added: 0x00000214fa625fa0
Event: 0.040 Thread 0x00000214dc8bc740 Thread added: 0x00000214fa627ba0
Event: 0.040 Thread 0x00000214dc8bc740 Thread added: 0x00000214fa62dac0
Event: 0.040 Thread 0x00000214dc8bc740 Thread added: 0x00000214fa64f3b0
Event: 0.062 Thread 0x00000214dc8bc740 Thread added: 0x00000214fa792d70
Event: 0.064 Thread 0x00000214dc8bc740 Thread added: 0x00000214fa7a05d0
Event: 0.198 Thread 0x00000214dc8bc740 Thread added: 0x00000214fa97e830
Event: 0.199 Thread 0x00000214dc8bc740 Thread added: 0x00000214fa988eb0
Event: 0.201 Thread 0x00000214dc8bc740 Thread added: 0x00000214fa98b520
Event: 0.213 Thread 0x00000214dc8bc740 Thread added: 0x00000214fa9977c0
Event: 0.214 Thread 0x00000214dc8bc740 Thread exited: 0x00000214dc8bc740
Event: 0.214 Thread 0x00000214dc8bc740 Thread added: 0x00000214dc8bc740
Event: 0.509 Thread 0x00000214fa9977c0 Thread added: 0x00000214ff5133a0
Event: 0.788 Thread 0x00000214fa9977c0 Thread added: 0x00000214ff6dd570


Dynamic libraries:
0x00007ff65c630000 - 0x00007ff65c63e000 	C:\Program Files\Eclipse Adoptium\jdk-21.0.7.6-hotspot\bin\java.exe
0x00007ffb7aca0000 - 0x00007ffb7af05000 	C:\WINDOWS\SYSTEM32\ntdll.dll
0x00007ffb79d20000 - 0x00007ffb79de9000 	C:\WINDOWS\System32\KERNEL32.DLL
0x00007ffb78650000 - 0x00007ffb78a38000 	C:\WINDOWS\System32\KERNELBASE.dll
0x00007ffb780b0000 - 0x00007ffb781fb000 	C:\WINDOWS\System32\ucrtbase.dll
0x00007ffb49cb0000 - 0x00007ffb49cce000 	C:\Program Files\Eclipse Adoptium\jdk-21.0.7.6-hotspot\bin\VCRUNTIME140.dll
0x00007ffb3e4b0000 - 0x00007ffb3e4c8000 	C:\Program Files\Eclipse Adoptium\jdk-21.0.7.6-hotspot\bin\jli.dll
0x00007ffb79760000 - 0x00007ffb7992a000 	C:\WINDOWS\System32\USER32.dll
0x00007ffb78590000 - 0x00007ffb785b7000 	C:\WINDOWS\System32\win32u.dll
0x00007ffb662b0000 - 0x00007ffb6654a000 	C:\WINDOWS\WinSxS\amd64_microsoft.windows.common-controls_6595b64144ccf1df_6.0.26100.4202_none_3e0698d4e335f517\COMCTL32.dll
0x00007ffb78fd0000 - 0x00007ffb78ffb000 	C:\WINDOWS\System32\GDI32.dll
0x00007ffb7aa70000 - 0x00007ffb7ab19000 	C:\WINDOWS\System32\msvcrt.dll
0x00007ffb77f70000 - 0x00007ffb780a7000 	C:\WINDOWS\System32\gdi32full.dll
0x00007ffb784e0000 - 0x00007ffb78583000 	C:\WINDOWS\System32\msvcp_win.dll
0x00007ffb7ac20000 - 0x00007ffb7ac50000 	C:\WINDOWS\System32\IMM32.DLL
0x00007ffb5b3f0000 - 0x00007ffb5b3fc000 	C:\Program Files\Eclipse Adoptium\jdk-21.0.7.6-hotspot\bin\vcruntime140_1.dll
0x00007ffb27a40000 - 0x00007ffb27acd000 	C:\Program Files\Eclipse Adoptium\jdk-21.0.7.6-hotspot\bin\msvcp140.dll
0x00007ffabf870000 - 0x00007ffac0600000 	C:\Program Files\Eclipse Adoptium\jdk-21.0.7.6-hotspot\bin\server\jvm.dll
0x00007ffb7ab30000 - 0x00007ffb7abe3000 	C:\WINDOWS\System32\ADVAPI32.dll
0x00007ffb7a390000 - 0x00007ffb7a436000 	C:\WINDOWS\System32\sechost.dll
0x00007ffb78dc0000 - 0x00007ffb78ed5000 	C:\WINDOWS\System32\RPCRT4.dll
0x00007ffb7a300000 - 0x00007ffb7a374000 	C:\WINDOWS\System32\WS2_32.dll
0x00007ffb77c40000 - 0x00007ffb77c9e000 	C:\WINDOWS\SYSTEM32\POWRPROF.dll
0x00007ffb6f550000 - 0x00007ffb6f585000 	C:\WINDOWS\SYSTEM32\WINMM.dll
0x00007ffb6f590000 - 0x00007ffb6f59b000 	C:\WINDOWS\SYSTEM32\VERSION.dll
0x00007ffb77c20000 - 0x00007ffb77c34000 	C:\WINDOWS\SYSTEM32\UMPDC.dll
0x00007ffb76b70000 - 0x00007ffb76b8b000 	C:\WINDOWS\SYSTEM32\kernel.appcore.dll
0x00007ffb59430000 - 0x00007ffb5943a000 	C:\Program Files\Eclipse Adoptium\jdk-21.0.7.6-hotspot\bin\jimage.dll
0x00007ffb75590000 - 0x00007ffb757d1000 	C:\WINDOWS\SYSTEM32\DBGHELP.DLL
0x00007ffb79ef0000 - 0x00007ffb7a275000 	C:\WINDOWS\System32\combase.dll
0x00007ffb78ee0000 - 0x00007ffb78fc1000 	C:\WINDOWS\System32\OLEAUT32.dll
0x00007ffb632b0000 - 0x00007ffb632e9000 	C:\WINDOWS\SYSTEM32\dbgcore.DLL
0x00007ffb78440000 - 0x00007ffb784d9000 	C:\WINDOWS\System32\bcryptPrimitives.dll
0x00007ffb446e0000 - 0x00007ffb446ff000 	C:\Program Files\Eclipse Adoptium\jdk-21.0.7.6-hotspot\bin\java.dll
0x00007ffb79010000 - 0x00007ffb79752000 	C:\WINDOWS\System32\SHELL32.dll
0x00007ffb78200000 - 0x00007ffb78374000 	C:\WINDOWS\System32\wintypes.dll
0x00007ffb75a30000 - 0x00007ffb76287000 	C:\WINDOWS\SYSTEM32\windows.storage.dll
0x00007ffb79df0000 - 0x00007ffb79ee1000 	C:\WINDOWS\System32\SHCORE.dll
0x00007ffb78b50000 - 0x00007ffb78bba000 	C:\WINDOWS\System32\shlwapi.dll
0x00007ffb77d00000 - 0x00007ffb77d2f000 	C:\WINDOWS\SYSTEM32\profapi.dll
0x00007ffaff890000 - 0x00007ffaff967000 	C:\Program Files\Eclipse Adoptium\jdk-21.0.7.6-hotspot\bin\jsvml.dll
0x00007ffb52490000 - 0x00007ffb5261e000 	C:\Program Files\Eclipse Adoptium\jdk-21.0.7.6-hotspot\bin\awt.dll
0x00007ffb74760000 - 0x00007ffb747fe000 	C:\WINDOWS\SYSTEM32\apphelp.dll
0x00007ffb57670000 - 0x00007ffb57680000 	C:\Program Files\Eclipse Adoptium\jdk-21.0.7.6-hotspot\bin\net.dll
0x00007ffb6d7f0000 - 0x00007ffb6d90e000 	C:\WINDOWS\SYSTEM32\WINHTTP.dll
0x00007ffb770c0000 - 0x00007ffb7712a000 	C:\WINDOWS\system32\mswsock.dll
0x00007ffb3eac0000 - 0x00007ffb3ead6000 	C:\Program Files\Eclipse Adoptium\jdk-21.0.7.6-hotspot\bin\nio.dll
0x00007ffb3eaa0000 - 0x00007ffb3eab8000 	C:\Program Files\Eclipse Adoptium\jdk-21.0.7.6-hotspot\bin\zip.dll
0x00007ffb74a60000 - 0x00007ffb74b0f000 	C:\WINDOWS\system32\uxtheme.dll
0x00007ffb78c50000 - 0x00007ffb78db0000 	C:\WINDOWS\System32\MSCTF.dll
0x00007ffb79b60000 - 0x00007ffb79cfe000 	C:\WINDOWS\System32\ole32.dll
0x00007ffb74e10000 - 0x00007ffb74e46000 	C:\WINDOWS\system32\DWMAPI.DLL
0x00007ffb49df0000 - 0x00007ffb49f04000 	C:\WINDOWS\system32\opengl32.dll
0x00007ffb49d30000 - 0x00007ffb49d5d000 	C:\WINDOWS\SYSTEM32\GLU32.dll
0x00007ffb74c60000 - 0x00007ffb74cad000 	C:\WINDOWS\SYSTEM32\dxcore.dll
0x00007ffafa800000 - 0x00007ffafa9b7000 	C:\WINDOWS\system32\d3d9.dll
0x00007ffb6f5a0000 - 0x00007ffb6f77b000 	C:\Windows\System32\DriverStore\FileRepository\u0362746.inf_amd64_93b5715a9af143b1\B361342\aticfx64.dll
0x00007ffb21830000 - 0x00007ffb21863000 	C:\Windows\System32\DriverStore\FileRepository\u0362746.inf_amd64_93b5715a9af143b1\B361342\atiu9p64.dll
0x00007ffb20300000 - 0x00007ffb20f96000 	C:\Windows\System32\DriverStore\FileRepository\u0362746.inf_amd64_93b5715a9af143b1\B361342\atiumd64.dll
0x0000000053480000 - 0x00000000542fa000 	C:\WINDOWS\System32\DriverStore\FileRepository\u0362746.inf_amd64_93b5715a9af143b1\B361342\atiumd6a.dll
0x00007ffb77cd0000 - 0x00007ffb77cf6000 	C:\WINDOWS\SYSTEM32\bcrypt.dll
0x00007ffb6c630000 - 0x00007ffb6c65f000 	C:\WINDOWS\SYSTEM32\amdihk64.dll
0x00007ffb74bf0000 - 0x00007ffb74c51000 	C:\WINDOWS\SYSTEM32\directxdatabasehelper.dll
0x00007ffb54320000 - 0x00007ffb543a7000 	C:\Program Files\Eclipse Adoptium\jdk-21.0.7.6-hotspot\bin\freetype.dll
0x00007ffb53550000 - 0x00007ffb5362b000 	C:\Program Files\Eclipse Adoptium\jdk-21.0.7.6-hotspot\bin\fontmanager.dll
0x00007ffb78a40000 - 0x00007ffb78ae8000 	C:\WINDOWS\System32\clbcatq.dll
0x00007ffb72c40000 - 0x00007ffb72e79000 	C:\WINDOWS\SYSTEM32\WindowsCodecs.dll
0x00007ffb4ca20000 - 0x00007ffb4ca7a000 	C:\WINDOWS\system32\dataexchange.dll
0x00007ffb6ba90000 - 0x00007ffb6bcca000 	C:\WINDOWS\system32\twinapi.appcore.dll
0x00007ffb5c380000 - 0x00007ffb5c4d0000 	C:\WINDOWS\SYSTEM32\textinputframework.dll

dbghelp: loaded successfully - version: 4.0.5 - missing functions: none
symbol engine: initialized successfully - sym options: 0x614 - pdb path: .;C:\Program Files\Eclipse Adoptium\jdk-21.0.7.6-hotspot\bin;C:\WINDOWS\SYSTEM32;C:\WINDOWS\WinSxS\amd64_microsoft.windows.common-controls_6595b64144ccf1df_6.0.26100.4202_none_3e0698d4e335f517;C:\Program Files\Eclipse Adoptium\jdk-21.0.7.6-hotspot\bin\server;C:\Windows\System32\DriverStore\FileRepository\u0362746.inf_amd64_93b5715a9af143b1\B361342

VM Arguments:
jvm_args: -Dfile.encoding=UTF-8 
java_command: com.DroneCatalog.MainApp
java_class_path (initial): O:\2.Uni\FUAS\4.SS25\9.Java\Java2025\target\classes;C:\Users\User\.m2\repository\com\fasterxml\jackson\core\jackson-databind\2.17.0\jackson-databind-2.17.0.jar;C:\Users\User\.m2\repository\com\fasterxml\jackson\core\jackson-annotations\2.17.0\jackson-annotations-2.17.0.jar;C:\Users\User\.m2\repository\com\fasterxml\jackson\core\jackson-core\2.17.0\jackson-core-2.17.0.jar;C:\Users\User\.m2\repository\net\bytebuddy\byte-buddy\1.14.9\byte-buddy-1.14.9.jar
Launcher Type: SUN_STANDARD

[Global flags]
     intx CICompilerCount                          = 3                                         {product} {ergonomic}
     uint ConcGCThreads                            = 1                                         {product} {ergonomic}
     uint G1ConcRefinementThreads                  = 4                                         {product} {ergonomic}
   size_t G1HeapRegionSize                         = 1048576                                   {product} {ergonomic}
    uintx GCDrainStackTargetSize                   = 64                                        {product} {ergonomic}
   size_t InitialHeapSize                          = 98566144                                  {product} {ergonomic}
   size_t MarkStackSize                            = 4194304                                   {product} {ergonomic}
   size_t MaxHeapSize                              = 1577058304                                {product} {ergonomic}
   size_t MaxNewSize                               = 945815552                                 {product} {ergonomic}
   size_t MinHeapDeltaBytes                        = 1048576                                   {product} {ergonomic}
   size_t MinHeapSize                              = 8388608                                   {product} {ergonomic}
    uintx NonNMethodCodeHeapSize                   = 5832780                                {pd product} {ergonomic}
    uintx NonProfiledCodeHeapSize                  = 122912730                              {pd product} {ergonomic}
    uintx ProfiledCodeHeapSize                     = 122912730                              {pd product} {ergonomic}
    uintx ReservedCodeCacheSize                    = 251658240                              {pd product} {ergonomic}
     bool SegmentedCodeCache                       = true                                      {product} {ergonomic}
   size_t SoftMaxHeapSize                          = 1577058304                             {manageable} {ergonomic}
     bool UseCompressedOops                        = true                           {product lp64_product} {ergonomic}
     bool UseG1GC                                  = true                                      {product} {ergonomic}
     bool UseLargePagesIndividualAllocation        = false                                  {pd product} {ergonomic}

Logging:
Log output configuration:
 #0: stdout all=warning uptime,level,tags foldmultilines=false
 #1: stderr all=off uptime,level,tags foldmultilines=false

Environment Variables:
JAVA_HOME=C:\Program Files\Eclipse Adoptium\jdk-21.0.7.6-hotspot
PATH=C:\Program Files\Eclipse Adoptium\jdk-21.0.7.6-hotspot\bin;C:\WINDOWS\system32;C:\WINDOWS;C:\WINDOWS\System32\Wbem;C:\WINDOWS\System32\WindowsPowerShell\v1.0\;C:\WINDOWS\System32\OpenSSH\;C:\msys64\mingw64\bin;C:\Program Files\Eclipse Adoptium\jdk-21.0.7.6-hotspot\bin;C:\Program Files\Git\cmd;C:\Program Files\Graphviz\bin;C:\Program Files\apache-maven-3.9.9\bin;C:\Program Files\MySQL\MySQL Shell 8.0\bin\;C:\Users\User\AppData\Local\Programs\Python\Python311\Scripts\;C:\Users\User\AppData\Local\Programs\Python\Python311\;C:\Program Files\Common Files\Oracle\Java\javapath;C:\Program Files (x86)\Common Files\Oracle\Java\java8path;C:\Program Files (x86)\Common Files\Oracle\Java\javapath;C:\Windows\system32;C:\Windows;C:\Windows\System32\Wbem;C:\Windows\System32\WindowsPowerShell\v1.0\;C:\Windows\System32\OpenSSH\;C:\msys64\mingw64\bin;C:\Program Files\Eclipse Adoptium\jdk-21.0.7.6-hotspot\bin;C:\Program Files\Git\cmd;C:\msys64\usr\bin;C:\Users\User\AppData\Local\Programs\Microsoft VS Code\bin;C:\Program Files\JetBrains\IntelliJ IDEA 2024.1.1\bin;C:\Users\User\AppData\Roaming\Programs\Zero Install;C:\Users\User\AppData\Local\Microsoft\WindowsApps;C:\Program Files\Graphviz\bin;C:\Users\User\AppData\Local\GitHubDesktop\bin;C:\Program Files\apache-maven-3.9.9\bin;
USERNAME=Toutois
OS=Windows_NT
PROCESSOR_IDENTIFIER=AMD64 Family 23 Model 96 Stepping 1, AuthenticAMD
TMP=C:\Users\User\AppData\Local\Temp
TEMP=C:\Users\User\AppData\Local\Temp




Periodic native trim disabled

---------------  S Y S T E M  ---------------

OS:
 Windows 11 , 64 bit Build 26100 (10.0.26100.4202)
OS uptime: 1 days 3:11 hours
Hyper-V role detected

CPU: total 4 (initial active 4) (4 cores per cpu, 1 threads per core) family 23 model 96 stepping 1 microcode 0x8600104, cx8, cmov, fxsr, mmx, 3dnowpref, sse, sse2, sse3, ssse3, sse4a, sse4.1, sse4.2, popcnt, lzcnt, tsc, tscinvbit, avx, avx2, aes, clmul, bmi1, bmi2, adx, sha, fma, vzeroupper, clflush, clflushopt, hv, rdtscp, rdpid, f16c
Processor Information for the first 4 processors :
  Max Mhz: 2700, Current Mhz: 2700, Mhz Limit: 2700

Memory: 4k page, system-wide physical 6013M (560M free)
TotalPageFile size 16013M (AvailPageFile size 0M)
current process WorkingSet (physical memory assigned to process): 93M, peak: 93M
current process commit charge ("private bytes"): 217M, peak: 218M

vm_info: OpenJDK 64-Bit Server VM (21.0.7+6-LTS) for windows-amd64 JRE (21.0.7+6-LTS), built on 2025-04-15T00:00:00Z by "admin" with MS VC++ 17.7 (VS2022)

END.
